<?xml version="1.0" encoding="UTF-8"?>
<!-- Generated by org.testng.reporters.JUnitReportReporter -->
<testsuite hostname="Swapnil" failures="0" tests="2" name="practice.PracticeClass1" time="0.011" errors="0" timestamp="2023-03-10T15:37:57 IST" skipped="0">
  <testcase classname="practice.PracticeClass1" name="main1" time="0.010"/>
  <system-out/>
  <testcase classname="practice.PracticeClass1" name="main11" time="0.001"/>
  <system-out/>
</testsuite> <!-- practice.PracticeClass1 -->
