<?xml version="1.0" encoding="UTF-8"?>
<!-- Generated by org.testng.reporters.JUnitReportReporter -->
<testsuite hostname="Swapnil" failures="0" tests="2" name="practice.PracticeClass2" time="0.002" errors="0" timestamp="2023-03-10T15:37:57 IST" skipped="0">
  <testcase classname="practice.PracticeClass2" name="main2" time="0.001"/>
  <system-out/>
  <testcase classname="practice.PracticeClass2" name="main21" time="0.001"/>
  <system-out/>
</testsuite> <!-- practice.PracticeClass2 -->
