<?xml version="1.0" encoding="UTF-8"?>
<!-- Generated by org.testng.reporters.JUnitReportReporter -->
<testsuite skipped="0" hostname="Swapnil" name="practice.PracticeClass1" tests="2" failures="0" timestamp="2023-03-10T17:10:18 IST" time="0.004" errors="0">
  <testcase name="main1" time="0.004" classname="practice.PracticeClass1"/>
  <system-out/>
  <testcase name="main11" time="0.000" classname="practice.PracticeClass1"/>
  <system-out/>
</testsuite> <!-- practice.PracticeClass1 -->
