<?xml version="1.0" encoding="UTF-8"?>
<!-- Generated by org.testng.reporters.JUnitReportReporter -->
<testsuite skipped="0" hostname="Swapnil" name="practice.PracticeClass2" tests="2" failures="0" timestamp="2023-03-10T17:10:18 IST" time="0.000" errors="0">
  <testcase name="main21" time="0.000" classname="practice.PracticeClass2"/>
  <system-out/>
  <testcase name="main2" time="0.000" classname="practice.PracticeClass2"/>
  <system-out/>
</testsuite> <!-- practice.PracticeClass2 -->
